build/app/intermediates/manifest_merge_blame_file/debug/manifest-merger-blame-debug-report.txt
1<?xml version="1.0" encoding="utf-8"?>
2<manifest xmlns:android="http://schemas.android.com/apk/res/android"
3    package="com.example.project"
4    android:versionCode="1"
5    android:versionName="1.0.0" >
6
7    <uses-sdk
8        android:minSdkVersion="23"
9        android:targetSdkVersion="34" />
10    <!--
11         The INTERNET permission is required for development. Specifically,
12         the Flutter tool needs it to communicate with the running application
13         to allow setting breakpoints, to provide hot reload, etc.
14    -->
15    <uses-permission android:name="android.permission.INTERNET" />
15-->src/debug/AndroidManifest.xml:6:5-66
15-->src/debug/AndroidManifest.xml:6:22-64
16    <!--
17     Required to query activities that can process text, see:
18         https://developer.android.com/training/package-visibility and
19         https://developer.android.com/reference/android/content/Intent#ACTION_PROCESS_TEXT.
20
21         In particular, this is used by the Flutter engine in io.flutter.plugin.text.ProcessTextPlugin.
22    -->
23    <queries>
23-->src/main/AndroidManifest.xml:39:5-44:15
24        <intent>
24-->src/main/AndroidManifest.xml:40:9-43:18
25            <action android:name="android.intent.action.PROCESS_TEXT" />
25-->src/main/AndroidManifest.xml:41:13-72
25-->src/main/AndroidManifest.xml:41:21-70
26
27            <data android:mimeType="text/plain" />
27-->src/main/AndroidManifest.xml:42:13-50
27-->src/main/AndroidManifest.xml:42:19-48
28        </intent>
29    </queries>
30
31    <uses-permission android:name="android.permission.ACCESS_NETWORK_STATE" />
31-->[com.google.firebase:firebase-auth:23.1.0] AndroidManifest.xml:26:5-79
31-->[com.google.firebase:firebase-auth:23.1.0] AndroidManifest.xml:26:22-76
32    <uses-permission android:name="com.google.android.providers.gsf.permission.READ_GSERVICES" />
32-->[com.google.android.recaptcha:recaptcha:18.5.1] AndroidManifest.xml:9:5-98
32-->[com.google.android.recaptcha:recaptcha:18.5.1] AndroidManifest.xml:9:22-95
33
34    <permission
34-->[androidx.core:core:1.13.1] AndroidManifest.xml:22:5-24:47
35        android:name="com.example.project.DYNAMIC_RECEIVER_NOT_EXPORTED_PERMISSION"
35-->[androidx.core:core:1.13.1] AndroidManifest.xml:23:9-81
36        android:protectionLevel="signature" />
36-->[androidx.core:core:1.13.1] AndroidManifest.xml:24:9-44
37
38    <uses-permission android:name="com.example.project.DYNAMIC_RECEIVER_NOT_EXPORTED_PERMISSION" />
38-->[androidx.core:core:1.13.1] AndroidManifest.xml:26:5-97
38-->[androidx.core:core:1.13.1] AndroidManifest.xml:26:22-94
39
40    <application
41        android:name="android.app.Application"
42        android:appComponentFactory="androidx.core.app.CoreComponentFactory"
42-->[androidx.core:core:1.13.1] AndroidManifest.xml:28:18-86
43        android:debuggable="true"
44        android:extractNativeLibs="false"
45        android:icon="@mipmap/ic_launcher"
46        android:label="project" >
47        <activity
48            android:name="com.example.project.MainActivity"
49            android:configChanges="orientation|keyboardHidden|keyboard|screenSize|smallestScreenSize|locale|layoutDirection|fontScale|screenLayout|density|uiMode"
50            android:exported="true"
51            android:hardwareAccelerated="true"
52            android:launchMode="singleTop"
53            android:taskAffinity=""
54            android:theme="@style/LaunchTheme"
55            android:windowSoftInputMode="adjustResize" >
56
57            <!--
58                 Specifies an Android theme to apply to this Activity as soon as
59                 the Android process has started. This theme is visible to the user
60                 while the Flutter UI initializes. After that, this theme continues
61                 to determine the Window background behind the Flutter UI.
62            -->
63            <meta-data
64                android:name="io.flutter.embedding.android.NormalTheme"
65                android:resource="@style/NormalTheme" />
66
67            <intent-filter>
68                <action android:name="android.intent.action.MAIN" />
69
70                <category android:name="android.intent.category.LAUNCHER" />
71            </intent-filter>
72        </activity>
73        <!--
74             Don't delete the meta-data below.
75             This is used by the Flutter tool to generate GeneratedPluginRegistrant.java
76        -->
77        <meta-data
78            android:name="flutterEmbedding"
79            android:value="2" />
80
81        <service
81-->[:firebase_auth] AndroidManifest.xml:8:9-12:19
82            android:name="com.google.firebase.components.ComponentDiscoveryService"
82-->[:firebase_auth] AndroidManifest.xml:8:18-89
83            android:directBootAware="true"
83-->[com.google.firebase:firebase-common:21.0.0] AndroidManifest.xml:32:13-43
84            android:exported="false" >
84-->[com.google.firebase:firebase-auth:23.1.0] AndroidManifest.xml:68:13-37
85            <meta-data
85-->[:firebase_auth] AndroidManifest.xml:9:13-11:85
86                android:name="com.google.firebase.components:io.flutter.plugins.firebase.auth.FlutterFirebaseAuthRegistrar"
86-->[:firebase_auth] AndroidManifest.xml:10:17-124
87                android:value="com.google.firebase.components.ComponentRegistrar" />
87-->[:firebase_auth] AndroidManifest.xml:11:17-82
88            <meta-data
88-->[:firebase_database] AndroidManifest.xml:9:13-11:85
89                android:name="com.google.firebase.components:io.flutter.plugins.firebase.database.FlutterFirebaseAppRegistrar"
89-->[:firebase_database] AndroidManifest.xml:10:17-127
90                android:value="com.google.firebase.components.ComponentRegistrar" />
90-->[:firebase_database] AndroidManifest.xml:11:17-82
91            <meta-data
91-->[:firebase_core] AndroidManifest.xml:9:13-11:85
92                android:name="com.google.firebase.components:io.flutter.plugins.firebase.core.FlutterFirebaseCoreRegistrar"
92-->[:firebase_core] AndroidManifest.xml:10:17-124
93                android:value="com.google.firebase.components.ComponentRegistrar" />
93-->[:firebase_core] AndroidManifest.xml:11:17-82
94            <meta-data
94-->[com.google.firebase:firebase-auth:23.1.0] AndroidManifest.xml:69:13-71:85
95                android:name="com.google.firebase.components:com.google.firebase.auth.FirebaseAuthRegistrar"
95-->[com.google.firebase:firebase-auth:23.1.0] AndroidManifest.xml:70:17-109
96                android:value="com.google.firebase.components.ComponentRegistrar" />
96-->[com.google.firebase:firebase-auth:23.1.0] AndroidManifest.xml:71:17-82
97            <meta-data
97-->[com.google.firebase:firebase-database:21.0.0] AndroidManifest.xml:29:13-31:85
98                android:name="com.google.firebase.components:com.google.firebase.database.FirebaseDatabaseKtxRegistrar"
98-->[com.google.firebase:firebase-database:21.0.0] AndroidManifest.xml:30:17-120
99                android:value="com.google.firebase.components.ComponentRegistrar" />
99-->[com.google.firebase:firebase-database:21.0.0] AndroidManifest.xml:31:17-82
100            <meta-data
100-->[com.google.firebase:firebase-database:21.0.0] AndroidManifest.xml:32:13-34:85
101                android:name="com.google.firebase.components:com.google.firebase.database.DatabaseRegistrar"
101-->[com.google.firebase:firebase-database:21.0.0] AndroidManifest.xml:33:17-109
102                android:value="com.google.firebase.components.ComponentRegistrar" />
102-->[com.google.firebase:firebase-database:21.0.0] AndroidManifest.xml:34:17-82
103            <meta-data
103-->[com.google.firebase:firebase-common-ktx:21.0.0] AndroidManifest.xml:12:13-14:85
104                android:name="com.google.firebase.components:com.google.firebase.ktx.FirebaseCommonLegacyRegistrar"
104-->[com.google.firebase:firebase-common-ktx:21.0.0] AndroidManifest.xml:13:17-116
105                android:value="com.google.firebase.components.ComponentRegistrar" />
105-->[com.google.firebase:firebase-common-ktx:21.0.0] AndroidManifest.xml:14:17-82
106            <meta-data
106-->[com.google.firebase:firebase-common:21.0.0] AndroidManifest.xml:35:13-37:85
107                android:name="com.google.firebase.components:com.google.firebase.FirebaseCommonKtxRegistrar"
107-->[com.google.firebase:firebase-common:21.0.0] AndroidManifest.xml:36:17-109
108                android:value="com.google.firebase.components.ComponentRegistrar" />
108-->[com.google.firebase:firebase-common:21.0.0] AndroidManifest.xml:37:17-82
109        </service>
110
111        <provider
111-->[:image_picker_android] AndroidManifest.xml:9:9-17:20
112            android:name="io.flutter.plugins.imagepicker.ImagePickerFileProvider"
112-->[:image_picker_android] AndroidManifest.xml:10:13-82
113            android:authorities="com.example.project.flutter.image_provider"
113-->[:image_picker_android] AndroidManifest.xml:11:13-74
114            android:exported="false"
114-->[:image_picker_android] AndroidManifest.xml:12:13-37
115            android:grantUriPermissions="true" >
115-->[:image_picker_android] AndroidManifest.xml:13:13-47
116            <meta-data
116-->[:image_picker_android] AndroidManifest.xml:14:13-16:75
117                android:name="android.support.FILE_PROVIDER_PATHS"
117-->[:image_picker_android] AndroidManifest.xml:15:17-67
118                android:resource="@xml/flutter_image_picker_file_paths" />
118-->[:image_picker_android] AndroidManifest.xml:16:17-72
119        </provider> <!-- Trigger Google Play services to install the backported photo picker module. -->
120        <service
120-->[:image_picker_android] AndroidManifest.xml:19:9-31:19
121            android:name="com.google.android.gms.metadata.ModuleDependencies"
121-->[:image_picker_android] AndroidManifest.xml:20:13-78
122            android:enabled="false"
122-->[:image_picker_android] AndroidManifest.xml:21:13-36
123            android:exported="false" >
123-->[:image_picker_android] AndroidManifest.xml:22:13-37
124            <intent-filter>
124-->[:image_picker_android] AndroidManifest.xml:24:13-26:29
125                <action android:name="com.google.android.gms.metadata.MODULE_DEPENDENCIES" />
125-->[:image_picker_android] AndroidManifest.xml:25:17-94
125-->[:image_picker_android] AndroidManifest.xml:25:25-91
126            </intent-filter>
127
128            <meta-data
128-->[:image_picker_android] AndroidManifest.xml:28:13-30:36
129                android:name="photopicker_activity:0:required"
129-->[:image_picker_android] AndroidManifest.xml:29:17-63
130                android:value="" />
130-->[:image_picker_android] AndroidManifest.xml:30:17-33
131        </service>
132
133        <activity
133-->[com.google.firebase:firebase-auth:23.1.0] AndroidManifest.xml:29:9-46:20
134            android:name="com.google.firebase.auth.internal.GenericIdpActivity"
134-->[com.google.firebase:firebase-auth:23.1.0] AndroidManifest.xml:30:13-80
135            android:excludeFromRecents="true"
135-->[com.google.firebase:firebase-auth:23.1.0] AndroidManifest.xml:31:13-46
136            android:exported="true"
136-->[com.google.firebase:firebase-auth:23.1.0] AndroidManifest.xml:32:13-36
137            android:launchMode="singleTask"
137-->[com.google.firebase:firebase-auth:23.1.0] AndroidManifest.xml:33:13-44
138            android:theme="@android:style/Theme.Translucent.NoTitleBar" >
138-->[com.google.firebase:firebase-auth:23.1.0] AndroidManifest.xml:34:13-72
139            <intent-filter>
139-->[com.google.firebase:firebase-auth:23.1.0] AndroidManifest.xml:35:13-45:29
140                <action android:name="android.intent.action.VIEW" />
140-->[com.google.firebase:firebase-auth:23.1.0] AndroidManifest.xml:36:17-69
140-->[com.google.firebase:firebase-auth:23.1.0] AndroidManifest.xml:36:25-66
141
142                <category android:name="android.intent.category.DEFAULT" />
142-->[com.google.firebase:firebase-auth:23.1.0] AndroidManifest.xml:38:17-76
142-->[com.google.firebase:firebase-auth:23.1.0] AndroidManifest.xml:38:27-73
143                <category android:name="android.intent.category.BROWSABLE" />
143-->[com.google.firebase:firebase-auth:23.1.0] AndroidManifest.xml:39:17-78
143-->[com.google.firebase:firebase-auth:23.1.0] AndroidManifest.xml:39:27-75
144
145                <data
145-->src/main/AndroidManifest.xml:42:13-50
146                    android:host="firebase.auth"
147                    android:path="/"
148                    android:scheme="genericidp" />
149            </intent-filter>
150        </activity>
151        <activity
151-->[com.google.firebase:firebase-auth:23.1.0] AndroidManifest.xml:47:9-64:20
152            android:name="com.google.firebase.auth.internal.RecaptchaActivity"
152-->[com.google.firebase:firebase-auth:23.1.0] AndroidManifest.xml:48:13-79
153            android:excludeFromRecents="true"
153-->[com.google.firebase:firebase-auth:23.1.0] AndroidManifest.xml:49:13-46
154            android:exported="true"
154-->[com.google.firebase:firebase-auth:23.1.0] AndroidManifest.xml:50:13-36
155            android:launchMode="singleTask"
155-->[com.google.firebase:firebase-auth:23.1.0] AndroidManifest.xml:51:13-44
156            android:theme="@android:style/Theme.Translucent.NoTitleBar" >
156-->[com.google.firebase:firebase-auth:23.1.0] AndroidManifest.xml:52:13-72
157            <intent-filter>
157-->[com.google.firebase:firebase-auth:23.1.0] AndroidManifest.xml:53:13-63:29
158                <action android:name="android.intent.action.VIEW" />
158-->[com.google.firebase:firebase-auth:23.1.0] AndroidManifest.xml:36:17-69
158-->[com.google.firebase:firebase-auth:23.1.0] AndroidManifest.xml:36:25-66
159
160                <category android:name="android.intent.category.DEFAULT" />
160-->[com.google.firebase:firebase-auth:23.1.0] AndroidManifest.xml:38:17-76
160-->[com.google.firebase:firebase-auth:23.1.0] AndroidManifest.xml:38:27-73
161                <category android:name="android.intent.category.BROWSABLE" />
161-->[com.google.firebase:firebase-auth:23.1.0] AndroidManifest.xml:39:17-78
161-->[com.google.firebase:firebase-auth:23.1.0] AndroidManifest.xml:39:27-75
162
163                <data
163-->src/main/AndroidManifest.xml:42:13-50
164                    android:host="firebase.auth"
165                    android:path="/"
166                    android:scheme="recaptcha" />
167            </intent-filter>
168        </activity>
169
170        <service
170-->[androidx.credentials:credentials-play-services-auth:1.2.0-rc01] AndroidManifest.xml:24:9-32:19
171            android:name="androidx.credentials.playservices.CredentialProviderMetadataHolder"
171-->[androidx.credentials:credentials-play-services-auth:1.2.0-rc01] AndroidManifest.xml:25:13-94
172            android:enabled="true"
172-->[androidx.credentials:credentials-play-services-auth:1.2.0-rc01] AndroidManifest.xml:26:13-35
173            android:exported="false" >
173-->[androidx.credentials:credentials-play-services-auth:1.2.0-rc01] AndroidManifest.xml:27:13-37
174            <meta-data
174-->[androidx.credentials:credentials-play-services-auth:1.2.0-rc01] AndroidManifest.xml:29:13-31:104
175                android:name="androidx.credentials.CREDENTIAL_PROVIDER_KEY"
175-->[androidx.credentials:credentials-play-services-auth:1.2.0-rc01] AndroidManifest.xml:30:17-76
176                android:value="androidx.credentials.playservices.CredentialProviderPlayServicesImpl" />
176-->[androidx.credentials:credentials-play-services-auth:1.2.0-rc01] AndroidManifest.xml:31:17-101
177        </service>
178
179        <activity
179-->[androidx.credentials:credentials-play-services-auth:1.2.0-rc01] AndroidManifest.xml:34:9-41:20
180            android:name="androidx.credentials.playservices.HiddenActivity"
180-->[androidx.credentials:credentials-play-services-auth:1.2.0-rc01] AndroidManifest.xml:35:13-76
181            android:configChanges="orientation|screenSize|screenLayout|keyboardHidden"
181-->[androidx.credentials:credentials-play-services-auth:1.2.0-rc01] AndroidManifest.xml:36:13-87
182            android:enabled="true"
182-->[androidx.credentials:credentials-play-services-auth:1.2.0-rc01] AndroidManifest.xml:37:13-35
183            android:exported="false"
183-->[androidx.credentials:credentials-play-services-auth:1.2.0-rc01] AndroidManifest.xml:38:13-37
184            android:fitsSystemWindows="true"
184-->[androidx.credentials:credentials-play-services-auth:1.2.0-rc01] AndroidManifest.xml:39:13-45
185            android:theme="@style/Theme.Hidden" >
185-->[androidx.credentials:credentials-play-services-auth:1.2.0-rc01] AndroidManifest.xml:40:13-48
186        </activity>
187
188        <provider
188-->[com.google.firebase:firebase-common:21.0.0] AndroidManifest.xml:23:9-28:39
189            android:name="com.google.firebase.provider.FirebaseInitProvider"
189-->[com.google.firebase:firebase-common:21.0.0] AndroidManifest.xml:24:13-77
190            android:authorities="com.example.project.firebaseinitprovider"
190-->[com.google.firebase:firebase-common:21.0.0] AndroidManifest.xml:25:13-72
191            android:directBootAware="true"
191-->[com.google.firebase:firebase-common:21.0.0] AndroidManifest.xml:26:13-43
192            android:exported="false"
192-->[com.google.firebase:firebase-common:21.0.0] AndroidManifest.xml:27:13-37
193            android:initOrder="100" />
193-->[com.google.firebase:firebase-common:21.0.0] AndroidManifest.xml:28:13-36
194
195        <activity
195-->[com.google.android.gms:play-services-auth:20.7.0] AndroidManifest.xml:23:9-27:75
196            android:name="com.google.android.gms.auth.api.signin.internal.SignInHubActivity"
196-->[com.google.android.gms:play-services-auth:20.7.0] AndroidManifest.xml:24:13-93
197            android:excludeFromRecents="true"
197-->[com.google.android.gms:play-services-auth:20.7.0] AndroidManifest.xml:25:13-46
198            android:exported="false"
198-->[com.google.android.gms:play-services-auth:20.7.0] AndroidManifest.xml:26:13-37
199            android:theme="@android:style/Theme.Translucent.NoTitleBar" />
199-->[com.google.android.gms:play-services-auth:20.7.0] AndroidManifest.xml:27:13-72
200        <!--
201            Service handling Google Sign-In user revocation. For apps that do not integrate with
202            Google Sign-In, this service will never be started.
203        -->
204        <service
204-->[com.google.android.gms:play-services-auth:20.7.0] AndroidManifest.xml:33:9-37:51
205            android:name="com.google.android.gms.auth.api.signin.RevocationBoundService"
205-->[com.google.android.gms:play-services-auth:20.7.0] AndroidManifest.xml:34:13-89
206            android:exported="true"
206-->[com.google.android.gms:play-services-auth:20.7.0] AndroidManifest.xml:35:13-36
207            android:permission="com.google.android.gms.auth.api.signin.permission.REVOCATION_NOTIFICATION"
207-->[com.google.android.gms:play-services-auth:20.7.0] AndroidManifest.xml:36:13-107
208            android:visibleToInstantApps="true" />
208-->[com.google.android.gms:play-services-auth:20.7.0] AndroidManifest.xml:37:13-48
209
210        <activity
210-->[com.google.android.gms:play-services-base:18.1.0] AndroidManifest.xml:20:9-22:45
211            android:name="com.google.android.gms.common.api.GoogleApiActivity"
211-->[com.google.android.gms:play-services-base:18.1.0] AndroidManifest.xml:20:19-85
212            android:exported="false"
212-->[com.google.android.gms:play-services-base:18.1.0] AndroidManifest.xml:22:19-43
213            android:theme="@android:style/Theme.Translucent.NoTitleBar" />
213-->[com.google.android.gms:play-services-base:18.1.0] AndroidManifest.xml:21:19-78
214
215        <uses-library
215-->[androidx.window:window:1.2.0] AndroidManifest.xml:23:9-25:40
216            android:name="androidx.window.extensions"
216-->[androidx.window:window:1.2.0] AndroidManifest.xml:24:13-54
217            android:required="false" />
217-->[androidx.window:window:1.2.0] AndroidManifest.xml:25:13-37
218        <uses-library
218-->[androidx.window:window:1.2.0] AndroidManifest.xml:26:9-28:40
219            android:name="androidx.window.sidecar"
219-->[androidx.window:window:1.2.0] AndroidManifest.xml:27:13-51
220            android:required="false" />
220-->[androidx.window:window:1.2.0] AndroidManifest.xml:28:13-37
221
222        <meta-data
222-->[com.google.android.gms:play-services-basement:18.4.0] AndroidManifest.xml:6:9-122
223            android:name="com.google.android.gms.version"
223-->[com.google.android.gms:play-services-basement:18.4.0] AndroidManifest.xml:6:20-65
224            android:value="@integer/google_play_services_version" />
224-->[com.google.android.gms:play-services-basement:18.4.0] AndroidManifest.xml:6:66-119
225
226        <provider
226-->[androidx.lifecycle:lifecycle-process:2.7.0] AndroidManifest.xml:24:9-32:20
227            android:name="androidx.startup.InitializationProvider"
227-->[androidx.lifecycle:lifecycle-process:2.7.0] AndroidManifest.xml:25:13-67
228            android:authorities="com.example.project.androidx-startup"
228-->[androidx.lifecycle:lifecycle-process:2.7.0] AndroidManifest.xml:26:13-68
229            android:exported="false" >
229-->[androidx.lifecycle:lifecycle-process:2.7.0] AndroidManifest.xml:27:13-37
230            <meta-data
230-->[androidx.lifecycle:lifecycle-process:2.7.0] AndroidManifest.xml:29:13-31:52
231                android:name="androidx.lifecycle.ProcessLifecycleInitializer"
231-->[androidx.lifecycle:lifecycle-process:2.7.0] AndroidManifest.xml:30:17-78
232                android:value="androidx.startup" />
232-->[androidx.lifecycle:lifecycle-process:2.7.0] AndroidManifest.xml:31:17-49
233            <meta-data
233-->[androidx.profileinstaller:profileinstaller:1.3.1] AndroidManifest.xml:29:13-31:52
234                android:name="androidx.profileinstaller.ProfileInstallerInitializer"
234-->[androidx.profileinstaller:profileinstaller:1.3.1] AndroidManifest.xml:30:17-85
235                android:value="androidx.startup" />
235-->[androidx.profileinstaller:profileinstaller:1.3.1] AndroidManifest.xml:31:17-49
236        </provider>
237
238        <receiver
238-->[androidx.profileinstaller:profileinstaller:1.3.1] AndroidManifest.xml:34:9-52:20
239            android:name="androidx.profileinstaller.ProfileInstallReceiver"
239-->[androidx.profileinstaller:profileinstaller:1.3.1] AndroidManifest.xml:35:13-76
240            android:directBootAware="false"
240-->[androidx.profileinstaller:profileinstaller:1.3.1] AndroidManifest.xml:36:13-44
241            android:enabled="true"
241-->[androidx.profileinstaller:profileinstaller:1.3.1] AndroidManifest.xml:37:13-35
242            android:exported="true"
242-->[androidx.profileinstaller:profileinstaller:1.3.1] AndroidManifest.xml:38:13-36
243            android:permission="android.permission.DUMP" >
243-->[androidx.profileinstaller:profileinstaller:1.3.1] AndroidManifest.xml:39:13-57
244            <intent-filter>
244-->[androidx.profileinstaller:profileinstaller:1.3.1] AndroidManifest.xml:40:13-42:29
245                <action android:name="androidx.profileinstaller.action.INSTALL_PROFILE" />
245-->[androidx.profileinstaller:profileinstaller:1.3.1] AndroidManifest.xml:41:17-91
245-->[androidx.profileinstaller:profileinstaller:1.3.1] AndroidManifest.xml:41:25-88
246            </intent-filter>
247            <intent-filter>
247-->[androidx.profileinstaller:profileinstaller:1.3.1] AndroidManifest.xml:43:13-45:29
248                <action android:name="androidx.profileinstaller.action.SKIP_FILE" />
248-->[androidx.profileinstaller:profileinstaller:1.3.1] AndroidManifest.xml:44:17-85
248-->[androidx.profileinstaller:profileinstaller:1.3.1] AndroidManifest.xml:44:25-82
249            </intent-filter>
250            <intent-filter>
250-->[androidx.profileinstaller:profileinstaller:1.3.1] AndroidManifest.xml:46:13-48:29
251                <action android:name="androidx.profileinstaller.action.SAVE_PROFILE" />
251-->[androidx.profileinstaller:profileinstaller:1.3.1] AndroidManifest.xml:47:17-88
251-->[androidx.profileinstaller:profileinstaller:1.3.1] AndroidManifest.xml:47:25-85
252            </intent-filter>
253            <intent-filter>
253-->[androidx.profileinstaller:profileinstaller:1.3.1] AndroidManifest.xml:49:13-51:29
254                <action android:name="androidx.profileinstaller.action.BENCHMARK_OPERATION" />
254-->[androidx.profileinstaller:profileinstaller:1.3.1] AndroidManifest.xml:50:17-95
254-->[androidx.profileinstaller:profileinstaller:1.3.1] AndroidManifest.xml:50:25-92
255            </intent-filter>
256        </receiver> <!-- The activities will be merged into the manifest of the hosting app. -->
257        <activity
257-->[com.google.android.play:core-common:2.0.3] AndroidManifest.xml:14:9-18:65
258            android:name="com.google.android.play.core.common.PlayCoreDialogWrapperActivity"
258-->[com.google.android.play:core-common:2.0.3] AndroidManifest.xml:15:13-93
259            android:exported="false"
259-->[com.google.android.play:core-common:2.0.3] AndroidManifest.xml:16:13-37
260            android:stateNotNeeded="true"
260-->[com.google.android.play:core-common:2.0.3] AndroidManifest.xml:17:13-42
261            android:theme="@style/Theme.PlayCore.Transparent" />
261-->[com.google.android.play:core-common:2.0.3] AndroidManifest.xml:18:13-62
262    </application>
263
264</manifest>